<?xml version="1.0" encoding="UTF-8"?>
<testsuite name="com.allbirds.testcases.LogIn" tests="1" skipped="0" failures="0" errors="0" timestamp="2020-05-05T02:56:56" hostname="Veranikas-MacBook-Pro.local" time="1.69">
  <properties/>
  <testcase name="loginApp" classname="com.allbirds.testcases.LogIn" time="1.69"/>
  <system-out><![CDATA[Trying to start browser
Browser is up, App is running
Test is about to end
Test completed
]]></system-out>
  <system-err><![CDATA[1588647410863	mozrunner::runner	INFO	Running command: "/Applications/Firefox.app/Contents/MacOS/firefox-bin" "-marionette" "-foreground" "-no-remote" "-profile" "/var/folders/xv/v3hgr8f11t399xct79h2_hph0000gn/T/rust_mozprofileo6Ik74"
1588647411431	addons.webextension.doh-rollout@mozilla.org	WARN	Loading extension 'doh-rollout@mozilla.org': Reading manifest: Invalid extension permission: networkStatus
1588647411775	addons.webextension.screenshots@mozilla.org	WARN	Loading extension 'screenshots@mozilla.org': Reading manifest: Invalid extension permission: mozillaAddons
1588647411775	addons.webextension.screenshots@mozilla.org	WARN	Loading extension 'screenshots@mozilla.org': Reading manifest: Invalid extension permission: telemetry
1588647411776	addons.webextension.screenshots@mozilla.org	WARN	Loading extension 'screenshots@mozilla.org': Reading manifest: Invalid extension permission: resource://pdf.js/
1588647411776	addons.webextension.screenshots@mozilla.org	WARN	Loading extension 'screenshots@mozilla.org': Reading manifest: Invalid extension permission: about:reader*
1588647413500	Marionette	INFO	Listening on port 57674
1588647413546	Marionette	WARN	TLS certificate errors will be ignored for this session
May 04, 2020 7:56:53 PM org.openqa.selenium.remote.ProtocolHandshake createSession
INFO: Detected dialect: W3C
]]></system-err>
</testsuite>
